<?xml version="1.0" encoding="UTF-8"?>
<!-- Generated by org.testng.reporters.JUnitReportReporter -->
<testsuite hostname="IBM-PF1VX0DG" failures="0" tests="1" name="TestCase.DetailPageTest" time="8.750" errors="0" timestamp="2023-01-05T09:25:51 GMT-05:00" skipped="0">
  <testcase classname="TestCase.DetailPageTest" name="detailPageTest" time="8.750"/>
  <system-out/>
</testsuite> <!-- TestCase.DetailPageTest -->
