<?xml version="1.0" encoding="UTF-8"?>
<!-- Generated by org.testng.reporters.JUnitReportReporter -->
<testsuite hostname="IBM-PF1VX0DG" failures="0" tests="4" name="TestCase.HomePageTest" time="36.653" errors="0" timestamp="2023-01-05T15:18:40 GMT-05:00" skipped="0">
  <testcase classname="TestCase.HomePageTest" name="homePageTest" time="8.167"/>
  <system-out/>
  <testcase classname="TestCase.HomePageTest" name="homePageTest" time="9.717"/>
  <system-out/>
  <testcase classname="TestCase.HomePageTest" name="homePageTest" time="8.636"/>
  <system-out/>
  <testcase classname="TestCase.HomePageTest" name="hpTestTwo" time="10.133"/>
  <system-out/>
</testsuite> <!-- TestCase.HomePageTest -->
