<?xml version="1.0" encoding="UTF-8"?>
<!-- Generated by org.testng.reporters.JUnitReportReporter -->
<testsuite hostname="IBM-PF1VX0DG" failures="0" tests="2" name="TestCase.HomePageTest" time="31.696" errors="0" timestamp="2022-11-18T21:20:18 HKT" skipped="0">
  <testcase classname="TestCase.HomePageTest" name="homePageTest" time="16.749"/>
  <system-out/>
  <testcase classname="TestCase.HomePageTest" name="hpTestTwo" time="14.947"/>
  <system-out/>
</testsuite> <!-- TestCase.HomePageTest -->
