<?xml version="1.0" encoding="UTF-8"?>
<!-- Generated by org.testng.reporters.JUnitReportReporter -->
<testsuite hostname="IBM-PF1VX0DG" failures="0" tests="1" name="TestCase.DetailPageTest" time="9.869" errors="0" timestamp="2022-11-18T21:20:18 HKT" skipped="0">
  <testcase classname="TestCase.DetailPageTest" name="detailPageTest" time="9.869"/>
  <system-out/>
</testsuite> <!-- TestCase.DetailPageTest -->
